\BOOKMARK [0][-]{chapter*.8}{Introducci\363n}{}% 1
\BOOKMARK [0][-]{chapter.1}{Objetivos}{}% 2
\BOOKMARK [0][-]{chapter.2}{Estado del arte}{}% 3
\BOOKMARK [0][-]{chapter.3}{Marco de referencia}{}% 4
\BOOKMARK [1][-]{section.3.1}{Computaci\363n en la nube}{chapter.3}% 5
\BOOKMARK [2][-]{subsection.3.1.1}{Caracter\355sticas esenciales}{section.3.1}% 6
\BOOKMARK [2][-]{subsection.3.1.2}{Modelos de servicio}{section.3.1}% 7
\BOOKMARK [2][-]{subsection.3.1.3}{Modelos de despliegue}{section.3.1}% 8
\BOOKMARK [1][-]{section.3.2}{Alta disponibilidad}{chapter.3}% 9
\BOOKMARK [2][-]{subsection.3.2.1}{Escalabilidad}{section.3.2}% 10
\BOOKMARK [1][-]{section.3.3}{Virtualizaci\363n}{chapter.3}% 11
\BOOKMARK [1][-]{section.3.4}{Contenedores}{chapter.3}% 12
\BOOKMARK [1][-]{section.3.5}{Orquestaci\363n de contenedores}{chapter.3}% 13
\BOOKMARK [1][-]{section.3.6}{Microservicios}{chapter.3}% 14
\BOOKMARK [0][-]{chapter.4}{Marco t\351cnico}{}% 15
\BOOKMARK [1][-]{section.4.1}{Docker}{chapter.4}% 16
\BOOKMARK [1][-]{section.4.2}{Kubernetes}{chapter.4}% 17
\BOOKMARK [1][-]{section.4.3}{Objetos Kubernetes}{chapter.4}% 18
\BOOKMARK [1][-]{section.4.4}{Openshift}{chapter.4}% 19
\BOOKMARK [1][-]{section.4.5}{Ansible}{chapter.4}% 20
\BOOKMARK [1][-]{section.4.6}{GlusterFS}{chapter.4}% 21
\BOOKMARK [0][-]{chapter.5}{Desarrollo del proyecto}{}% 22
\BOOKMARK [1][-]{section.5.1}{Ambientaci\363n tecnol\363gica}{chapter.5}% 23
\BOOKMARK [2][-]{subsection.5.1.1}{Investigaci\363n fundamentos te\363ricos relacionados con el proyecto \(Tecnolog\355as y est\341ndares\)}{section.5.1}% 24
\BOOKMARK [2][-]{subsection.5.1.2}{Estudio}{section.5.1}% 25
\BOOKMARK [2][-]{subsection.5.1.3}{Sondeo}{section.5.1}% 26
\BOOKMARK [1][-]{section.5.2}{Definici\363n de arquitectura de infraestructura cloud}{chapter.5}% 27
\BOOKMARK [2][-]{subsection.5.2.1}{Definici\363n requisitos}{section.5.2}% 28
\BOOKMARK [2][-]{subsection.5.2.2}{Definici\363n m\351tricas}{section.5.2}% 29
\BOOKMARK [2][-]{subsection.5.2.3}{Definici\363n pruebas}{section.5.2}% 30
\BOOKMARK [2][-]{subsection.5.2.4}{Definici\363n arquitectura e infraestructura}{section.5.2}% 31
\BOOKMARK [1][-]{section.5.3}{Prototipado}{chapter.5}% 32
\BOOKMARK [1][-]{section.5.4}{Validaci\363n de prototipo}{chapter.5}% 33
\BOOKMARK [0][-]{chapter.6}{Trabajo futuro}{}% 34
\BOOKMARK [0][-]{chapter.7}{Conclusiones}{}% 35
\BOOKMARK [0][-]{chapter.7}{Referencias Bibliogr\341ficas}{}% 36
\BOOKMARK [0][-]{chapter*.31}{Ap\351ndices}{}% 37
