This is pdfTeX, Version 3.14159265-2.6-1.40.20 (MiKTeX 2.9.7000 64-bit) (preloaded format=pdflatex 2019.4.27)  13 MAY 2019 00:13
entering extended mode
**./Plantilla_UIS.tex
(Plantilla_UIS.tex
LaTeX2e <2018-12-01>
("D:\App\MiKTeX 2.9\tex/latex/base\report.cls"
Document Class: report 2018/09/03 v1.4i Standard LaTeX document class
("D:\App\MiKTeX 2.9\tex/latex/base\size12.clo"
File: size12.clo 2018/09/03 v1.4i Standard LaTeX file (size option)
)
\c@part=\count80
\c@chapter=\count81
\c@section=\count82
\c@subsection=\count83
\c@subsubsection=\count84
\c@paragraph=\count85
\c@subparagraph=\count86
\c@figure=\count87
\c@table=\count88
\abovecaptionskip=\skip41
\belowcaptionskip=\skip42
\bibindent=\dimen102
) (uislatexstyleAPA.sty
("D:\App\MiKTeX 2.9\tex/latex/hyperref\hyperref.sty"
Package: hyperref 2018/11/30 v6.88e Hypertext links for LaTeX

("D:\App\MiKTeX 2.9\tex/generic/oberdiek\hobsub-hyperref.sty"
Package: hobsub-hyperref 2016/05/16 v1.14 Bundle oberdiek, subset hyperref (HO)


("D:\App\MiKTeX 2.9\tex/generic/oberdiek\hobsub-generic.sty"
Package: hobsub-generic 2016/05/16 v1.14 Bundle oberdiek, subset generic (HO)
Package: hobsub 2016/05/16 v1.14 Construct package bundles (HO)
Package: infwarerr 2016/05/16 v1.4 Providing info/warning/error messages (HO)
Package: ltxcmds 2016/05/16 v1.23 LaTeX kernel commands for general use (HO)
Package: ifluatex 2016/05/16 v1.4 Provides the ifluatex switch (HO)
Package ifluatex Info: LuaTeX not detected.
Package: ifvtex 2016/05/16 v1.6 Detect VTeX and its facilities (HO)
Package ifvtex Info: VTeX not detected.
Package: intcalc 2016/05/16 v1.2 Expandable calculations with integers (HO)
Package: ifpdf 2018/09/07 v3.3 Provides the ifpdf switch
Package: etexcmds 2016/05/16 v1.6 Avoid name clashes with e-TeX commands (HO)
Package: kvsetkeys 2016/05/16 v1.17 Key value parser (HO)
Package: kvdefinekeys 2016/05/16 v1.4 Define keys (HO)
Package: pdftexcmds 2018/09/10 v0.29 Utility functions of pdfTeX for LuaTeX (HO
)
Package pdftexcmds Info: LuaTeX not detected.
Package pdftexcmds Info: \pdf@primitive is available.
Package pdftexcmds Info: \pdf@ifprimitive is available.
Package pdftexcmds Info: \pdfdraftmode found.
Package: pdfescape 2016/05/16 v1.14 Implements pdfTeX's escape features (HO)
Package: bigintcalc 2016/05/16 v1.4 Expandable calculations on big integers (HO
)
Package: bitset 2016/05/16 v1.2 Handle bit-vector datatype (HO)
Package: uniquecounter 2016/05/16 v1.3 Provide unlimited unique counter (HO)
)
Package hobsub Info: Skipping package `hobsub' (already loaded).
Package: letltxmacro 2016/05/16 v1.5 Let assignment for LaTeX macros (HO)
Package: hopatch 2016/05/16 v1.3 Wrapper for package hooks (HO)
Package: xcolor-patch 2016/05/16 xcolor patch
Package: atveryend 2016/05/16 v1.9 Hooks at the very end of document (HO)
Package atveryend Info: \enddocument detected (standard20110627).
Package: atbegshi 2016/06/09 v1.18 At begin shipout hook (HO)
Package: refcount 2016/05/16 v3.5 Data extraction from label references (HO)
Package: hycolor 2016/05/16 v1.8 Color options for hyperref/bookmark (HO)
)
("D:\App\MiKTeX 2.9\tex/latex/graphics\keyval.sty"
Package: keyval 2014/10/28 v1.15 key=value parser (DPC)
\KV@toks@=\toks14
)
("D:\App\MiKTeX 2.9\tex/generic/ifxetex\ifxetex.sty"
Package: ifxetex 2010/09/12 v0.6 Provides ifxetex conditional
)
("D:\App\MiKTeX 2.9\tex/latex/oberdiek\auxhook.sty"
Package: auxhook 2016/05/16 v1.4 Hooks for auxiliary files (HO)
)
("D:\App\MiKTeX 2.9\tex/latex/oberdiek\kvoptions.sty"
Package: kvoptions 2016/05/16 v3.12 Key value format for package options (HO)
)
\@linkdim=\dimen103
\Hy@linkcounter=\count89
\Hy@pagecounter=\count90

("D:\App\MiKTeX 2.9\tex/latex/hyperref\pd1enc.def"
File: pd1enc.def 2018/11/30 v6.88e Hyperref: PDFDocEncoding definition (HO)
Now handling font encoding PD1 ...
... no UTF-8 mapping file for font encoding PD1
)
\Hy@SavedSpaceFactor=\count91

("D:\App\MiKTeX 2.9\tex/latex/00miktex\hyperref.cfg"
File: hyperref.cfg 2002/06/06 v1.2 hyperref configuration of TeXLive
)
Package hyperref Info: Hyper figures OFF on input line 4519.
Package hyperref Info: Link nesting OFF on input line 4524.
Package hyperref Info: Hyper index ON on input line 4527.
Package hyperref Info: Plain pages OFF on input line 4534.
Package hyperref Info: Backreferencing OFF on input line 4539.
Package hyperref Info: Implicit mode ON; LaTeX internals redefined.
Package hyperref Info: Bookmarks ON on input line 4772.
\c@Hy@tempcnt=\count92

("D:\App\MiKTeX 2.9\tex/latex/url\url.sty"
\Urlmuskip=\muskip10
Package: url 2013/09/16  ver 3.4  Verb mode for urls, etc.
)
LaTeX Info: Redefining \url on input line 5125.
\XeTeXLinkMargin=\dimen104
\Fld@menulength=\count93
\Field@Width=\dimen105
\Fld@charsize=\dimen106
Package hyperref Info: Hyper figures OFF on input line 6380.
Package hyperref Info: Link nesting OFF on input line 6385.
Package hyperref Info: Hyper index ON on input line 6388.
Package hyperref Info: backreferencing OFF on input line 6395.
Package hyperref Info: Link coloring OFF on input line 6400.
Package hyperref Info: Link coloring with OCG OFF on input line 6405.
Package hyperref Info: PDF/A mode OFF on input line 6410.
LaTeX Info: Redefining \ref on input line 6450.
LaTeX Info: Redefining \pageref on input line 6454.
\Hy@abspage=\count94
\c@Item=\count95
\c@Hfootnote=\count96
)
Package hyperref Info: Driver (autodetected): hpdftex.

("D:\App\MiKTeX 2.9\tex/latex/hyperref\hpdftex.def"
File: hpdftex.def 2018/11/30 v6.88e Hyperref driver for pdfTeX
\Fld@listcount=\count97
\c@bookmark@seq@number=\count98

("D:\App\MiKTeX 2.9\tex/latex/oberdiek\rerunfilecheck.sty"
Package: rerunfilecheck 2016/05/16 v1.8 Rerun checks for auxiliary files (HO)
Package uniquecounter Info: New unique counter `rerunfilecheck' on input line 2
82.
)
\Hy@SectionHShift=\skip43
)
("D:\App\MiKTeX 2.9\tex/latex/natbib\natbib.sty"
Package: natbib 2010/09/13 8.31b (PWD, AO)
\bibhang=\skip44
\bibsep=\skip45
LaTeX Info: Redefining \cite on input line 694.
\c@NAT@ctr=\count99
)
("D:\App\MiKTeX 2.9\tex/latex/titlesec\titlesec.sty"
Package: titlesec 2016/03/21 v2.10.2 Sectioning titles
\ttl@box=\box27
\beforetitleunit=\skip46
\aftertitleunit=\skip47
\ttl@plus=\dimen107
\ttl@minus=\dimen108
\ttl@toksa=\toks15
\titlewidth=\dimen109
\titlewidthlast=\dimen110
\titlewidthfirst=\dimen111
)
("D:\App\MiKTeX 2.9\tex/latex/titlesec\titletoc.sty"
Package: titletoc 2011/12/15 v1.6 TOC entries
\ttl@leftsep=\dimen112
)
("D:\App\MiKTeX 2.9\tex/latex/tocloft\tocloft.sty"
Package: tocloft 2017/08/31 v2.3i parameterised ToC, etc., typesetting
Package tocloft Info: The document has chapter divisions on input line 51.
\cftparskip=\skip48
\cftbeforetoctitleskip=\skip49
\cftaftertoctitleskip=\skip50
\cftbeforepartskip=\skip51
\cftpartnumwidth=\skip52
\cftpartindent=\skip53
\cftbeforechapskip=\skip54
\cftchapindent=\skip55
\cftchapnumwidth=\skip56
\cftbeforesecskip=\skip57
\cftsecindent=\skip58
\cftsecnumwidth=\skip59
\cftbeforesubsecskip=\skip60
\cftsubsecindent=\skip61
\cftsubsecnumwidth=\skip62
\cftbeforesubsubsecskip=\skip63
\cftsubsubsecindent=\skip64
\cftsubsubsecnumwidth=\skip65
\cftbeforeparaskip=\skip66
\cftparaindent=\skip67
\cftparanumwidth=\skip68
\cftbeforesubparaskip=\skip69
\cftsubparaindent=\skip70
\cftsubparanumwidth=\skip71
\cftbeforeloftitleskip=\skip72
\cftafterloftitleskip=\skip73
\cftbeforefigskip=\skip74
\cftfigindent=\skip75
\cftfignumwidth=\skip76
\cftbeforelottitleskip=\skip77
\cftafterlottitleskip=\skip78
\cftbeforetabskip=\skip79
\cfttabindent=\skip80
\cfttabnumwidth=\skip81
\cftbeforesubfigskip=\skip82
\cftsubfigindent=\skip83
\cftsubfignumwidth=\skip84
\cftbeforesubtabskip=\skip85
\cftsubtabindent=\skip86
\cftsubtabnumwidth=\skip87
)
("D:\App\MiKTeX 2.9\tex/latex/base\fontenc.sty"
Package: fontenc 2018/08/11 v2.0j Standard LaTeX package

("D:\App\MiKTeX 2.9\tex/latex/base\t1enc.def"
File: t1enc.def 2018/08/11 v2.0j Standard LaTeX file
LaTeX Font Info:    Redeclaring font encoding T1 on input line 48.
))
("D:\App\MiKTeX 2.9\tex/latex/base\inputenc.sty"
Package: inputenc 2018/08/11 v1.3c Input encoding file
\inpenc@prehook=\toks16
\inpenc@posthook=\toks17

("D:\App\MiKTeX 2.9\tex/latex/base\ansinew.def"
File: ansinew.def 2018/08/11 v1.3c Input encoding file
))
("D:\App\MiKTeX 2.9\tex/generic/babel\babel.sty"
Package: babel 2019/04/01 3.28 The Babel package

("D:\App\MiKTeX 2.9\tex/generic/babel\switch.def"
File: switch.def 2019/04/01 3.28 Babel switching mechanism
)
*************************************
* Local config file bblopts.cfg used
*
("D:\App\MiKTeX 2.9\tex/latex/arabi\bblopts.cfg"
File: bblopts.cfg 2005/09/08 v0.1 add Arabic and Farsi to "declared" options of
 babel
)
("D:\App\MiKTeX 2.9\tex/latex/babel-spanish\spanish.ldf"
Language: spanish.ldf 2016/03/03 v5.0p Spanish support from the babel system

("D:\App\MiKTeX 2.9\tex/generic/babel\babel.def"
File: babel.def 2019/04/01 3.28 Babel common definitions
\babel@savecnt=\count100
\U@D=\dimen113

("D:\App\MiKTeX 2.9\tex/generic/babel\txtbabel.def")
\bbl@dirlevel=\count101
)
\es@quottoks=\toks18
\es@quotdepth=\count102
Package babel Info: Making " an active character on input line 561.
Package babel Info: Making < an active character on input line 707.
Package babel Info: Making > an active character on input line 707.
)) (chngcntr.sty
Package: chngcntr 2018/04/09 v1.1a change counter resetting
Package chngcntr Info: \counterwithout already defined.
(chngcntr)             Quitting chngcntr on input line 21.
)
("D:\App\MiKTeX 2.9\tex/latex/footmisc\footmisc.sty"
Package: footmisc 2011/06/06 v5.5b a miscellany of footnote facilities
\FN@temptoken=\toks19
\footnotemargin=\dimen114
\c@pp@next@reset=\count103
Package footmisc Info: Declaring symbol style bringhurst on input line 855.
Package footmisc Info: Declaring symbol style chicago on input line 863.
Package footmisc Info: Declaring symbol style wiley on input line 872.
Package footmisc Info: Declaring symbol style lamport-robust on input line 883.

Package footmisc Info: Declaring symbol style lamport* on input line 903.
Package footmisc Info: Declaring symbol style lamport*-robust on input line 924
.
)
("D:\App\MiKTeX 2.9\tex/latex/caption\caption.sty"
Package: caption 2018/10/06 v3.3-154 Customizing captions (AR)

("D:\App\MiKTeX 2.9\tex/latex/caption\caption3.sty"
Package: caption3 2018/09/12 v1.8c caption3 kernel (AR)
Package caption3 Info: TeX engine: e-TeX on input line 64.
\captionmargin=\dimen115
\captionmargin@=\dimen116
\captionwidth=\dimen117
\caption@tempdima=\dimen118
\caption@indent=\dimen119
\caption@parindent=\dimen120
\caption@hangindent=\dimen121
)
\c@caption@flags=\count104
\c@ContinuedFloat=\count105
Package caption Info: hyperref package is loaded.
)
("D:\App\MiKTeX 2.9\tex/latex/geometry\geometry.sty"
Package: geometry 2018/04/16 v5.8 Page Geometry
\Gm@cnth=\count106
\Gm@cntv=\count107
\c@Gm@tempcnt=\count108
\Gm@bindingoffset=\dimen122
\Gm@wd@mp=\dimen123
\Gm@odd@mp=\dimen124
\Gm@even@mp=\dimen125
\Gm@layoutwidth=\dimen126
\Gm@layoutheight=\dimen127
\Gm@layouthoffset=\dimen128
\Gm@layoutvoffset=\dimen129
\Gm@dimlist=\toks20

("D:\App\MiKTeX 2.9\tex/latex/geometry\geometry.cfg"))
("D:\App\MiKTeX 2.9\tex/latex/fancyhdr\fancyhdr.sty"
Package: fancyhdr 2019/01/31 v3.10 Extensive control of page headers and footer
s
\f@nch@headwidth=\skip88
\f@nch@O@elh=\skip89
\f@nch@O@erh=\skip90
\f@nch@O@olh=\skip91
\f@nch@O@orh=\skip92
\f@nch@O@elf=\skip93
\f@nch@O@erf=\skip94
\f@nch@O@olf=\skip95
\f@nch@O@orf=\skip96
)
("D:\App\MiKTeX 2.9\tex/latex/psnfss\mathptmx.sty"
Package: mathptmx 2005/04/12 PSNFSS-v9.2a Times w/ Math, improved (SPQR, WaS) 
LaTeX Font Info:    Redeclaring symbol font `operators' on input line 28.
LaTeX Font Info:    Overwriting symbol font `operators' in version `normal'
(Font)                  OT1/cmr/m/n --> OT1/ztmcm/m/n on input line 28.
LaTeX Font Info:    Overwriting symbol font `operators' in version `bold'
(Font)                  OT1/cmr/bx/n --> OT1/ztmcm/m/n on input line 28.
LaTeX Font Info:    Redeclaring symbol font `letters' on input line 29.
LaTeX Font Info:    Overwriting symbol font `letters' in version `normal'
(Font)                  OML/cmm/m/it --> OML/ztmcm/m/it on input line 29.
LaTeX Font Info:    Overwriting symbol font `letters' in version `bold'
(Font)                  OML/cmm/b/it --> OML/ztmcm/m/it on input line 29.
LaTeX Font Info:    Redeclaring symbol font `symbols' on input line 30.
LaTeX Font Info:    Overwriting symbol font `symbols' in version `normal'
(Font)                  OMS/cmsy/m/n --> OMS/ztmcm/m/n on input line 30.
LaTeX Font Info:    Overwriting symbol font `symbols' in version `bold'
(Font)                  OMS/cmsy/b/n --> OMS/ztmcm/m/n on input line 30.
LaTeX Font Info:    Redeclaring symbol font `largesymbols' on input line 31.
LaTeX Font Info:    Overwriting symbol font `largesymbols' in version `normal'
(Font)                  OMX/cmex/m/n --> OMX/ztmcm/m/n on input line 31.
LaTeX Font Info:    Overwriting symbol font `largesymbols' in version `bold'
(Font)                  OMX/cmex/m/n --> OMX/ztmcm/m/n on input line 31.
\symbold=\mathgroup4
\symitalic=\mathgroup5
LaTeX Font Info:    Redeclaring math alphabet \mathbf on input line 34.
LaTeX Font Info:    Overwriting math alphabet `\mathbf' in version `normal'
(Font)                  OT1/cmr/bx/n --> OT1/ptm/bx/n on input line 34.
LaTeX Font Info:    Overwriting math alphabet `\mathbf' in version `bold'
(Font)                  OT1/cmr/bx/n --> OT1/ptm/bx/n on input line 34.
LaTeX Font Info:    Redeclaring math alphabet \mathit on input line 35.
LaTeX Font Info:    Overwriting math alphabet `\mathit' in version `normal'
(Font)                  OT1/cmr/m/it --> OT1/ptm/m/it on input line 35.
LaTeX Font Info:    Overwriting math alphabet `\mathit' in version `bold'
(Font)                  OT1/cmr/bx/it --> OT1/ptm/m/it on input line 35.
LaTeX Info: Redefining \hbar on input line 50.
)
("D:\App\MiKTeX 2.9\tex/latex/setspace\setspace.sty"
Package: setspace 2011/12/19 v6.7a set line spacing
)
("D:\App\MiKTeX 2.9\tex/latex/threeparttable\threeparttable.sty"
Package: threeparttable 2003/06/13  v 3.0
\@tempboxb=\box28
)
("D:\App\MiKTeX 2.9\tex/latex/etoolbox\etoolbox.sty"
Package: etoolbox 2018/08/19 v2.5f e-TeX tools for LaTeX (JAW)
\etb@tempcnta=\count109
)
\c@anexo=\count110
\cftbeforeanexoskip=\skip97
\cftanexoindent=\skip98
\cftanexonumwidth=\skip99
\c@loadepth=\count111
\cftbeforeloatitleskip=\skip100
\cftafterloatitleskip=\skip101
)
("D:\App\MiKTeX 2.9\tex/latex/graphics\epsfig.sty"
Package: epsfig 2017/06/25 v1.7b (e)psfig emulation (SPQR)

("D:\App\MiKTeX 2.9\tex/latex/graphics\graphicx.sty"
Package: graphicx 2017/06/01 v1.1a Enhanced LaTeX Graphics (DPC,SPQR)

("D:\App\MiKTeX 2.9\tex/latex/graphics\graphics.sty"
Package: graphics 2017/06/25 v1.2c Standard LaTeX Graphics (DPC,SPQR)

("D:\App\MiKTeX 2.9\tex/latex/graphics\trig.sty"
Package: trig 2016/01/03 v1.10 sin cos tan (DPC)
)
("D:\App\MiKTeX 2.9\tex/latex/graphics-cfg\graphics.cfg"
File: graphics.cfg 2016/06/04 v1.11 sample graphics configuration
)
Package graphics Info: Driver file: pdftex.def on input line 99.

("D:\App\MiKTeX 2.9\tex/latex/graphics-def\pdftex.def"
File: pdftex.def 2018/01/08 v1.0l Graphics/color driver for pdftex
))
\Gin@req@height=\dimen130
\Gin@req@width=\dimen131
)
\epsfxsize=\dimen132
\epsfysize=\dimen133
)
("D:\App\MiKTeX 2.9\tex/latex/amsmath\amsmath.sty"
Package: amsmath 2018/12/01 v2.17b AMS math features
\@mathmargin=\skip102

For additional information on amsmath, use the `?' option.
("D:\App\MiKTeX 2.9\tex/latex/amsmath\amstext.sty"
Package: amstext 2000/06/29 v2.01 AMS text

("D:\App\MiKTeX 2.9\tex/latex/amsmath\amsgen.sty"
File: amsgen.sty 1999/11/30 v2.0 generic functions
\@emptytoks=\toks21
\ex@=\dimen134
))
("D:\App\MiKTeX 2.9\tex/latex/amsmath\amsbsy.sty"
Package: amsbsy 1999/11/29 v1.2d Bold Symbols
\pmbraise@=\dimen135
)
("D:\App\MiKTeX 2.9\tex/latex/amsmath\amsopn.sty"
Package: amsopn 2016/03/08 v2.02 operator names
)
\inf@bad=\count112
LaTeX Info: Redefining \frac on input line 223.
\uproot@=\count113
\leftroot@=\count114
LaTeX Info: Redefining \overline on input line 385.
\classnum@=\count115
\DOTSCASE@=\count116
LaTeX Info: Redefining \ldots on input line 482.
LaTeX Info: Redefining \dots on input line 485.
LaTeX Info: Redefining \cdots on input line 606.
\Mathstrutbox@=\box29
\strutbox@=\box30
\big@size=\dimen136
LaTeX Font Info:    Redeclaring font encoding OML on input line 729.
LaTeX Font Info:    Redeclaring font encoding OMS on input line 730.
\macc@depth=\count117
\c@MaxMatrixCols=\count118
\dotsspace@=\muskip11
\c@parentequation=\count119
\dspbrk@lvl=\count120
\tag@help=\toks22
\row@=\count121
\column@=\count122
\maxfields@=\count123
\andhelp@=\toks23
\eqnshift@=\dimen137
\alignsep@=\dimen138
\tagshift@=\dimen139
\tagwidth@=\dimen140
\totwidth@=\dimen141
\lineht@=\dimen142
\@envbody=\toks24
\multlinegap=\skip103
\multlinetaggap=\skip104
\mathdisplay@stack=\toks25
LaTeX Info: Redefining \[ on input line 2844.
LaTeX Info: Redefining \] on input line 2845.
)
("D:\App\MiKTeX 2.9\tex/latex/amsfonts\amssymb.sty"
Package: amssymb 2013/01/14 v3.01 AMS font symbols

("D:\App\MiKTeX 2.9\tex/latex/amsfonts\amsfonts.sty"
Package: amsfonts 2013/01/14 v3.01 Basic AMSFonts support
\symAMSa=\mathgroup6
\symAMSb=\mathgroup7
LaTeX Font Info:    Overwriting math alphabet `\mathfrak' in version `bold'
(Font)                  U/euf/m/n --> U/euf/b/n on input line 106.
))
("D:\App\MiKTeX 2.9\tex/latex/subfigure\subfigure.sty"
Package: subfigure 2002/07/30 v2.1.4 subfigure package
\subfigtopskip=\skip105
\subfigcapskip=\skip106
\subfigcaptopadj=\dimen143
\subfigbottomskip=\skip107
\subfigcapmargin=\dimen144
\subfiglabelskip=\skip108
\c@subfigure=\count124
\c@lofdepth=\count125
\c@subtable=\count126
\c@lotdepth=\count127

****************************************
* Local config file subfigure.cfg used *
****************************************
("D:\App\MiKTeX 2.9\tex/latex/subfigure\subfigure.cfg")
\subfig@top=\skip109
\subfig@bottom=\skip110
)
("D:\App\MiKTeX 2.9\tex/latex/tools\longtable.sty"
Package: longtable 2014/10/28 v4.11 Multi-page Table package (DPC)+ FMi change
\LTleft=\skip111
\LTright=\skip112
\LTpre=\skip113
\LTpost=\skip114
\LTchunksize=\count128
\LTcapwidth=\dimen145
\LT@head=\box31
\LT@firsthead=\box32
\LT@foot=\box33
\LT@lastfoot=\box34
\LT@cols=\count129
\LT@rows=\count130
\c@LT@tables=\count131
\c@LT@chunks=\count132
\LT@p@ftn=\toks26
)
("D:\App\MiKTeX 2.9\tex/latex/graphics\lscape.sty"
Package: lscape 2000/10/22 v3.01 Landscape Pages (DPC)
)
("D:\App\MiKTeX 2.9\tex/latex/float\float.sty"
Package: float 2001/11/08 v1.3d Float enhancements (AL)
\c@float@type=\count133
\float@exts=\toks27
\float@box=\box35
\@float@everytoks=\toks28
\@floatcapt=\box36
)
("D:\App\MiKTeX 2.9\tex/latex/listings\listings.sty"
\lst@mode=\count134
\lst@gtempboxa=\box37
\lst@token=\toks29
\lst@length=\count135
\lst@currlwidth=\dimen146
\lst@column=\count136
\lst@pos=\count137
\lst@lostspace=\dimen147
\lst@width=\dimen148
\lst@newlines=\count138
\lst@lineno=\count139
\lst@maxwidth=\dimen149

("D:\App\MiKTeX 2.9\tex/latex/listings\lstmisc.sty"
File: lstmisc.sty 2019/02/27 1.8b (Carsten Heinz)
\c@lstnumber=\count140
\lst@skipnumbers=\count141
\lst@framebox=\box38
)
("D:\App\MiKTeX 2.9\tex/latex/listings\listings.cfg"
File: listings.cfg 2019/02/27 1.8b listings configuration
))
Package: listings 2019/02/27 1.8b (Carsten Heinz)

("D:\App\MiKTeX 2.9\tex/latex/xcolor\xcolor.sty"
Package: xcolor 2016/05/11 v2.12 LaTeX color extensions (UK)

("D:\App\MiKTeX 2.9\tex/latex/graphics-cfg\color.cfg"
File: color.cfg 2016/01/02 v1.6 sample color configuration
)
Package xcolor Info: Driver file: pdftex.def on input line 225.
Package xcolor Info: Model `cmy' substituted by `cmy0' on input line 1348.
Package xcolor Info: Model `hsb' substituted by `rgb' on input line 1352.
Package xcolor Info: Model `RGB' extended on input line 1364.
Package xcolor Info: Model `HTML' substituted by `rgb' on input line 1366.
Package xcolor Info: Model `Hsb' substituted by `hsb' on input line 1367.
Package xcolor Info: Model `tHsb' substituted by `hsb' on input line 1368.
Package xcolor Info: Model `HSB' substituted by `hsb' on input line 1369.
Package xcolor Info: Model `Gray' substituted by `gray' on input line 1370.
Package xcolor Info: Model `wave' substituted by `hsb' on input line 1371.
)
("D:\App\MiKTeX 2.9\tex/latex/base\textcomp.sty"
Package: textcomp 2018/08/11 v2.0j Standard LaTeX package
Package textcomp Info: Sub-encoding information:
(textcomp)               5 = only ISO-Adobe without \textcurrency
(textcomp)               4 = 5 + \texteuro
(textcomp)               3 = 4 + \textohm
(textcomp)               2 = 3 + \textestimated + \textcurrency
(textcomp)               1 = TS1 - \textcircled - \t
(textcomp)               0 = TS1 (full)
(textcomp)             Font families with sub-encoding setting implement
(textcomp)             only a restricted character set as indicated.
(textcomp)             Family '?' is the default used for unknown fonts.
(textcomp)             See the documentation for details.
Package textcomp Info: Setting ? sub-encoding to TS1/1 on input line 79.

("D:\App\MiKTeX 2.9\tex/latex/base\ts1enc.def"
File: ts1enc.def 2001/06/05 v3.0e (jk/car/fm) Standard LaTeX file
Now handling font encoding TS1 ...
... processing UTF-8 mapping file for font encoding TS1

("D:\App\MiKTeX 2.9\tex/latex/base\ts1enc.dfu"
File: ts1enc.dfu 2018/10/05 v1.2f UTF-8 support for inputenc
   defining Unicode char U+00A2 (decimal 162)
   defining Unicode char U+00A3 (decimal 163)
   defining Unicode char U+00A4 (decimal 164)
   defining Unicode char U+00A5 (decimal 165)
   defining Unicode char U+00A6 (decimal 166)
   defining Unicode char U+00A7 (decimal 167)
   defining Unicode char U+00A8 (decimal 168)
   defining Unicode char U+00A9 (decimal 169)
   defining Unicode char U+00AA (decimal 170)
   defining Unicode char U+00AC (decimal 172)
   defining Unicode char U+00AE (decimal 174)
   defining Unicode char U+00AF (decimal 175)
   defining Unicode char U+00B0 (decimal 176)
   defining Unicode char U+00B1 (decimal 177)
   defining Unicode char U+00B2 (decimal 178)
   defining Unicode char U+00B3 (decimal 179)
   defining Unicode char U+00B4 (decimal 180)
   defining Unicode char U+00B5 (decimal 181)
   defining Unicode char U+00B6 (decimal 182)
   defining Unicode char U+00B7 (decimal 183)
   defining Unicode char U+00B9 (decimal 185)
   defining Unicode char U+00BA (decimal 186)
   defining Unicode char U+00BC (decimal 188)
   defining Unicode char U+00BD (decimal 189)
   defining Unicode char U+00BE (decimal 190)
   defining Unicode char U+00D7 (decimal 215)
   defining Unicode char U+00F7 (decimal 247)
   defining Unicode char U+0192 (decimal 402)
   defining Unicode char U+02C7 (decimal 711)
   defining Unicode char U+02D8 (decimal 728)
   defining Unicode char U+02DD (decimal 733)
   defining Unicode char U+0E3F (decimal 3647)
   defining Unicode char U+2016 (decimal 8214)
   defining Unicode char U+2020 (decimal 8224)
   defining Unicode char U+2021 (decimal 8225)
   defining Unicode char U+2022 (decimal 8226)
   defining Unicode char U+2030 (decimal 8240)
   defining Unicode char U+2031 (decimal 8241)
   defining Unicode char U+203B (decimal 8251)
   defining Unicode char U+203D (decimal 8253)
   defining Unicode char U+2044 (decimal 8260)
   defining Unicode char U+204E (decimal 8270)
   defining Unicode char U+2052 (decimal 8274)
   defining Unicode char U+20A1 (decimal 8353)
   defining Unicode char U+20A4 (decimal 8356)
   defining Unicode char U+20A6 (decimal 8358)
   defining Unicode char U+20A9 (decimal 8361)
   defining Unicode char U+20AB (decimal 8363)
   defining Unicode char U+20AC (decimal 8364)
   defining Unicode char U+20B1 (decimal 8369)
   defining Unicode char U+2103 (decimal 8451)
   defining Unicode char U+2116 (decimal 8470)
   defining Unicode char U+2117 (decimal 8471)
   defining Unicode char U+211E (decimal 8478)
   defining Unicode char U+2120 (decimal 8480)
   defining Unicode char U+2122 (decimal 8482)
   defining Unicode char U+2126 (decimal 8486)
   defining Unicode char U+2127 (decimal 8487)
   defining Unicode char U+212E (decimal 8494)
   defining Unicode char U+2190 (decimal 8592)
   defining Unicode char U+2191 (decimal 8593)
   defining Unicode char U+2192 (decimal 8594)
   defining Unicode char U+2193 (decimal 8595)
   defining Unicode char U+2329 (decimal 9001)
   defining Unicode char U+232A (decimal 9002)
   defining Unicode char U+2422 (decimal 9250)
   defining Unicode char U+25E6 (decimal 9702)
   defining Unicode char U+25EF (decimal 9711)
   defining Unicode char U+266A (decimal 9834)
   defining Unicode char U+FEFF (decimal 65279)
))
LaTeX Info: Redefining \oldstylenums on input line 334.
Package textcomp Info: Setting cmr sub-encoding to TS1/0 on input line 349.
Package textcomp Info: Setting cmss sub-encoding to TS1/0 on input line 350.
Package textcomp Info: Setting cmtt sub-encoding to TS1/0 on input line 351.
Package textcomp Info: Setting cmvtt sub-encoding to TS1/0 on input line 352.
Package textcomp Info: Setting cmbr sub-encoding to TS1/0 on input line 353.
Package textcomp Info: Setting cmtl sub-encoding to TS1/0 on input line 354.
Package textcomp Info: Setting ccr sub-encoding to TS1/0 on input line 355.
Package textcomp Info: Setting ptm sub-encoding to TS1/4 on input line 356.
Package textcomp Info: Setting pcr sub-encoding to TS1/4 on input line 357.
Package textcomp Info: Setting phv sub-encoding to TS1/4 on input line 358.
Package textcomp Info: Setting ppl sub-encoding to TS1/3 on input line 359.
Package textcomp Info: Setting pag sub-encoding to TS1/4 on input line 360.
Package textcomp Info: Setting pbk sub-encoding to TS1/4 on input line 361.
Package textcomp Info: Setting pnc sub-encoding to TS1/4 on input line 362.
Package textcomp Info: Setting pzc sub-encoding to TS1/4 on input line 363.
Package textcomp Info: Setting bch sub-encoding to TS1/4 on input line 364.
Package textcomp Info: Setting put sub-encoding to TS1/5 on input line 365.
Package textcomp Info: Setting uag sub-encoding to TS1/5 on input line 366.
Package textcomp Info: Setting ugq sub-encoding to TS1/5 on input line 367.
Package textcomp Info: Setting ul8 sub-encoding to TS1/4 on input line 368.
Package textcomp Info: Setting ul9 sub-encoding to TS1/4 on input line 369.
Package textcomp Info: Setting augie sub-encoding to TS1/5 on input line 370.
Package textcomp Info: Setting dayrom sub-encoding to TS1/3 on input line 371.
Package textcomp Info: Setting dayroms sub-encoding to TS1/3 on input line 372.

Package textcomp Info: Setting pxr sub-encoding to TS1/0 on input line 373.
Package textcomp Info: Setting pxss sub-encoding to TS1/0 on input line 374.
Package textcomp Info: Setting pxtt sub-encoding to TS1/0 on input line 375.
Package textcomp Info: Setting txr sub-encoding to TS1/0 on input line 376.
Package textcomp Info: Setting txss sub-encoding to TS1/0 on input line 377.
Package textcomp Info: Setting txtt sub-encoding to TS1/0 on input line 378.
Package textcomp Info: Setting lmr sub-encoding to TS1/0 on input line 379.
Package textcomp Info: Setting lmdh sub-encoding to TS1/0 on input line 380.
Package textcomp Info: Setting lmss sub-encoding to TS1/0 on input line 381.
Package textcomp Info: Setting lmssq sub-encoding to TS1/0 on input line 382.
Package textcomp Info: Setting lmvtt sub-encoding to TS1/0 on input line 383.
Package textcomp Info: Setting lmtt sub-encoding to TS1/0 on input line 384.
Package textcomp Info: Setting qhv sub-encoding to TS1/0 on input line 385.
Package textcomp Info: Setting qag sub-encoding to TS1/0 on input line 386.
Package textcomp Info: Setting qbk sub-encoding to TS1/0 on input line 387.
Package textcomp Info: Setting qcr sub-encoding to TS1/0 on input line 388.
Package textcomp Info: Setting qcs sub-encoding to TS1/0 on input line 389.
Package textcomp Info: Setting qpl sub-encoding to TS1/0 on input line 390.
Package textcomp Info: Setting qtm sub-encoding to TS1/0 on input line 391.
Package textcomp Info: Setting qzc sub-encoding to TS1/0 on input line 392.
Package textcomp Info: Setting qhvc sub-encoding to TS1/0 on input line 393.
Package textcomp Info: Setting futs sub-encoding to TS1/4 on input line 394.
Package textcomp Info: Setting futx sub-encoding to TS1/4 on input line 395.
Package textcomp Info: Setting futj sub-encoding to TS1/4 on input line 396.
Package textcomp Info: Setting hlh sub-encoding to TS1/3 on input line 397.
Package textcomp Info: Setting hls sub-encoding to TS1/3 on input line 398.
Package textcomp Info: Setting hlst sub-encoding to TS1/3 on input line 399.
Package textcomp Info: Setting hlct sub-encoding to TS1/5 on input line 400.
Package textcomp Info: Setting hlx sub-encoding to TS1/5 on input line 401.
Package textcomp Info: Setting hlce sub-encoding to TS1/5 on input line 402.
Package textcomp Info: Setting hlcn sub-encoding to TS1/5 on input line 403.
Package textcomp Info: Setting hlcw sub-encoding to TS1/5 on input line 404.
Package textcomp Info: Setting hlcf sub-encoding to TS1/5 on input line 405.
Package textcomp Info: Setting pplx sub-encoding to TS1/3 on input line 406.
Package textcomp Info: Setting pplj sub-encoding to TS1/3 on input line 407.
Package textcomp Info: Setting ptmx sub-encoding to TS1/4 on input line 408.
Package textcomp Info: Setting ptmj sub-encoding to TS1/4 on input line 409.
)

LaTeX Warning: Unused global option(s):
    [letter].

(Plantilla_UIS.aux (Secs/P0.aux)
LaTeX Info: Redefining \. on input line 25.
LaTeX Info: Redefining \% on input line 25.
 (Secs/dedicatoria.aux)
(Secs/agradecimientos.aux) (Secs/glosario.aux) (Secs/res.aux) (Secs/abs.aux))
\openout1 = `Plantilla_UIS.aux'.

LaTeX Font Info:    Checking defaults for OML/cmm/m/it on input line 47.
LaTeX Font Info:    ... okay on input line 47.
LaTeX Font Info:    Checking defaults for T1/cmr/m/n on input line 47.
LaTeX Font Info:    ... okay on input line 47.
LaTeX Font Info:    Checking defaults for OT1/cmr/m/n on input line 47.
LaTeX Font Info:    ... okay on input line 47.
LaTeX Font Info:    Checking defaults for OMS/cmsy/m/n on input line 47.
LaTeX Font Info:    ... okay on input line 47.
LaTeX Font Info:    Checking defaults for OMX/cmex/m/n on input line 47.
LaTeX Font Info:    ... okay on input line 47.
LaTeX Font Info:    Checking defaults for U/cmr/m/n on input line 47.
LaTeX Font Info:    ... okay on input line 47.
LaTeX Font Info:    Checking defaults for PD1/pdf/m/n on input line 47.
LaTeX Font Info:    ... okay on input line 47.
LaTeX Font Info:    Checking defaults for TS1/cmr/m/n on input line 47.
LaTeX Font Info:    Try loading font information for TS1+cmr on input line 47.

("D:\App\MiKTeX 2.9\tex/latex/base\ts1cmr.fd"
File: ts1cmr.fd 2014/09/29 v2.5h Standard LaTeX font definitions
)
LaTeX Font Info:    ... okay on input line 47.
LaTeX Font Info:    Try loading font information for T1+ptm on input line 47.

("D:\App\MiKTeX 2.9\tex/latex/psnfss\t1ptm.fd"
File: t1ptm.fd 2001/06/04 font definitions for T1/ptm.
)
\AtBeginShipoutBox=\box39
Package hyperref Info: Link coloring OFF on input line 47.

("D:\App\MiKTeX 2.9\tex/latex/hyperref\nameref.sty"
Package: nameref 2016/05/21 v2.44 Cross-referencing by name of section

("D:\App\MiKTeX 2.9\tex/generic/oberdiek\gettitlestring.sty"
Package: gettitlestring 2016/05/16 v1.5 Cleanup title references (HO)
)
\c@section@level=\count142
)
LaTeX Info: Redefining \ref on input line 47.
LaTeX Info: Redefining \pageref on input line 47.
LaTeX Info: Redefining \nameref on input line 47.

(Plantilla_UIS.out) (Plantilla_UIS.out)
\@outlinefile=\write3
\openout3 = `Plantilla_UIS.out'.

LaTeX Info: Redefining \. on input line 47.
LaTeX Info: Redefining \% on input line 47.
Package caption Info: Begin \AtBeginDocument code.
Package caption Info: float package is loaded.
Package caption Info: listings package is loaded.
Package caption Info: longtable package is loaded.

("D:\App\MiKTeX 2.9\tex/latex/caption\ltcaption.sty"
Package: ltcaption 2018/08/26 v1.4-95 longtable captions (AR)
)
Package caption Info: subfigure package is loaded.
Package caption Info: threeparttable package is loaded.
Package caption Info: End \AtBeginDocument code.

*geometry* driver: auto-detecting
*geometry* detected driver: pdftex
*geometry* verbose mode - [ preamble ] result:
* driver: pdftex
* paper: <default>
* layout: <same size as paper>
* layoutoffset:(h,v)=(0.0pt,0.0pt)
* modes: 
* h-part:(L,W,R)=(72.2698pt, 469.75539pt, 72.2698pt)
* v-part:(T,H,B)=(72.2698pt, 650.43037pt, 72.2698pt)
* \paperwidth=614.295pt
* \paperheight=794.96999pt
* \textwidth=469.75539pt
* \textheight=597.50787pt
* \oddsidemargin=-0.00018pt
* \evensidemargin=-0.00018pt
* \topmargin=-55.0pt
* \headheight=12.0pt
* \headsep=50.0pt
* \topskip=12.0pt
* \footskip=30.0pt
* \marginparwidth=44.0pt
* \marginparsep=10.0pt
* \columnsep=10.0pt
* \skip\footins=29.0pt
* \hoffset=0.0pt
* \voffset=0.0pt
* \mag=1000
* \@twocolumnfalse
* \@twosidefalse
* \@mparswitchfalse
* \@reversemarginfalse
* (1in=72.27pt=25.4mm, 1cm=28.453pt)

("D:\App\MiKTeX 2.9\tex/context/base/mkii\supp-pdf.mkii"
[Loading MPS to PDF converter (version 2006.09.02).]
\scratchcounter=\count143
\scratchdimen=\dimen150
\scratchbox=\box40
\nofMPsegments=\count144
\nofMParguments=\count145
\everyMPshowfont=\toks30
\MPscratchCnt=\count146
\MPscratchDim=\dimen151
\MPnumerator=\count147
\makeMPintoPDFobject=\count148
\everyMPtoPDFconversion=\toks31
) ("D:\App\MiKTeX 2.9\tex/latex/oberdiek\epstopdf-base.sty"
Package: epstopdf-base 2016/05/15 v2.6 Base part for package epstopdf

("D:\App\MiKTeX 2.9\tex/latex/oberdiek\grfext.sty"
Package: grfext 2016/05/16 v1.2 Manage graphics extensions (HO)
)
Package epstopdf-base Info: Redefining graphics rule for `.eps' on input line 4
38.
Package grfext Info: Graphics extension search list:
(grfext)             [.pdf,.png,.jpg,.mps,.jpeg,.jbig2,.jb2,.PDF,.PNG,.JPG,.JPE
G,.JBIG2,.JB2,.eps]
(grfext)             \AppendGraphicsExtensions on input line 456.
)
\c@lstlisting=\count149
\openout2 = `Secs/P0.aux'.

 (Secs/P0.tex

Package Fancyhdr Warning: \headheight is too small (12.0pt): 
Make it at least 14.49998pt.
We now make it that large for the rest of the document.
This may cause the page layout to be inconsistent, however.

[1{C:/Users/jose.rojas/AppData/Local/MiKTeX/2.9/pdftex/config/pdftex.map}


]
Package epstopdf Info: Source file: <figs/nota.eps>
(epstopdf)                    date: 2019-02-04 20:25:18
(epstopdf)                    size: 5054327 bytes
(epstopdf)             Output file: <figs/nota-eps-converted-to.pdf>
(epstopdf)                    date: 2019-05-12 11:18:51
(epstopdf)                    size: 75039 bytes
(epstopdf)             Command: <epstopdf --outfile=figs/nota-eps-converted-to.
pdf figs/nota.eps>
(epstopdf)             \includegraphics on input line 34.
Package epstopdf Info: Output file is already uptodate.


pdfTeX warning: pdflatex.exe (file ./figs/nota-eps-converted-to.pdf): PDF inclu
sion: found PDF version <1.7>, but at most version <1.5> allowed
<figs/nota-eps-converted-to.pdf, id=196, 798.985pt x 589.20125pt>
File: figs/nota-eps-converted-to.pdf Graphic file (type pdf)
<use figs/nota-eps-converted-to.pdf>
Package pdftex.def Info: figs/nota-eps-converted-to.pdf  used on input line 34.

(pdftex.def)             Requested size: 469.75539pt x 346.42099pt.
Package epstopdf Info: Source file: <figs/autoriza.eps>
(epstopdf)                    date: 2019-02-04 20:25:54
(epstopdf)                    size: 2741834 bytes
(epstopdf)             Output file: <figs/autoriza-eps-converted-to.pdf>
(epstopdf)                    date: 2019-05-12 11:18:54
(epstopdf)                    size: 70734 bytes
(epstopdf)             Command: <epstopdf --outfile=figs/autoriza-eps-converted
-to.pdf figs/autoriza.eps>
(epstopdf)             \includegraphics on input line 46.
Package epstopdf Info: Output file is already uptodate.


pdfTeX warning: pdflatex.exe (file ./figs/autoriza-eps-converted-to.pdf): PDF i
nclusion: found PDF version <1.7>, but at most version <1.5> allowed
<figs/autoriza-eps-converted-to.pdf, id=197, 432.61626pt x 589.20125pt>
File: figs/autoriza-eps-converted-to.pdf Graphic file (type pdf)
<use figs/autoriza-eps-converted-to.pdf>
Package pdftex.def Info: figs/autoriza-eps-converted-to.pdf  used on input line
 46.
(pdftex.def)             Requested size: 422.77698pt x 575.82196pt.
) [2 <./figs/nota-eps-converted-to.pdf>] [3 <./figs/autoriza-eps-converted-to.p
df>]
\openout2 = `Secs/dedicatoria.aux'.

 (Secs/dedicatoria.tex
LaTeX Font Info:    Font shape `T1/ptm/bx/n' in size <12> not available
(Font)              Font shape `T1/ptm/b/n' tried instead on input line 8.

Underfull \hbox (badness 10000) in paragraph at lines 10--12

 []

) [4


]
\openout2 = `Secs/agradecimientos.aux'.

 (Secs/agradecimientos.tex
Underfull \hbox (badness 10000) in paragraph at lines 10--13

 []

[5


])
LaTeX Font Info:    Font shape `T1/ptm/bx/n' in size <24.88> not available
(Font)              Font shape `T1/ptm/b/n' tried instead on input line 65.
 (Plantilla_UIS.toc
LaTeX Info: Redefining \. on input line 1.
LaTeX Info: Redefining \% on input line 1.
LaTeX Font Info:    Try loading font information for OT1+ztmcm on input line 2.

 ("D:\App\MiKTeX 2.9\tex/latex/psnfss\ot1ztmcm.fd"
File: ot1ztmcm.fd 2000/01/03 Fontinst v1.801 font definitions for OT1/ztmcm.
)
LaTeX Font Info:    Try loading font information for OML+ztmcm on input line 2.


("D:\App\MiKTeX 2.9\tex/latex/psnfss\omlztmcm.fd"
File: omlztmcm.fd 2000/01/03 Fontinst v1.801 font definitions for OML/ztmcm.
)
LaTeX Font Info:    Try loading font information for OMS+ztmcm on input line 2.


("D:\App\MiKTeX 2.9\tex/latex/psnfss\omsztmcm.fd"
File: omsztmcm.fd 2000/01/03 Fontinst v1.801 font definitions for OMS/ztmcm.
)
LaTeX Font Info:    Try loading font information for OMX+ztmcm on input line 2.


("D:\App\MiKTeX 2.9\tex/latex/psnfss\omxztmcm.fd"
File: omxztmcm.fd 2000/01/03 Fontinst v1.801 font definitions for OMX/ztmcm.
)
LaTeX Font Info:    Try loading font information for OT1+ptm on input line 2.

("D:\App\MiKTeX 2.9\tex/latex/psnfss\ot1ptm.fd"
File: ot1ptm.fd 2001/06/04 font definitions for OT1/ptm.
)
LaTeX Font Info:    Font shape `OT1/ptm/bx/n' in size <12> not available
(Font)              Font shape `OT1/ptm/b/n' tried instead on input line 2.
LaTeX Font Info:    Font shape `OT1/ptm/bx/n' in size <9> not available
(Font)              Font shape `OT1/ptm/b/n' tried instead on input line 2.
LaTeX Font Info:    Font shape `OT1/ptm/bx/n' in size <7> not available
(Font)              Font shape `OT1/ptm/b/n' tried instead on input line 2.
 [6

] [7])
\tf@toc=\write4
\openout4 = `Plantilla_UIS.toc'.

 [8]
(Plantilla_UIS.lof
LaTeX Info: Redefining \. on input line 1.
LaTeX Info: Redefining \% on input line 1.
 [9

])
\tf@lof=\write5
\openout5 = `Plantilla_UIS.lof'.

 [10] (Plantilla_UIS.lot
LaTeX Info: Redefining \. on input line 1.
LaTeX Info: Redefining \% on input line 1.
)
\tf@lot=\write6
\openout6 = `Plantilla_UIS.lot'.

 [11

] (Plantilla_UIS.loa)
\tf@loa=\write7
\openout7 = `Plantilla_UIS.loa'.


[12

]
\openout2 = `Secs/glosario.aux'.

 (Secs/glosario.tex) [13


]
\openout2 = `Secs/res.aux'.

 (Secs/res.tex
LaTeX Font Info:    Font shape `T1/ptm/bx/n' in size <10> not available
(Font)              Font shape `T1/ptm/b/n' tried instead on input line 12.
LaTeX Font Info:    Font shape `OT1/ptm/bx/n' in size <10> not available
(Font)              Font shape `OT1/ptm/b/n' tried instead on input line 12.
LaTeX Font Info:    Font shape `OT1/ptm/bx/n' in size <7.4> not available
(Font)              Font shape `OT1/ptm/b/n' tried instead on input line 12.
LaTeX Font Info:    Font shape `OT1/ptm/bx/n' in size <6> not available
(Font)              Font shape `OT1/ptm/b/n' tried instead on input line 12.

Underfull \hbox (badness 10000) in paragraph at lines 15--16

 []

) [14


]
\openout2 = `Secs/abs.aux'.

 (Secs/abs.tex
Underfull \hbox (badness 10000) in paragraph at lines 15--16

 []

) [15


] (Secs/T0.tex
Underfull \hbox (badness 10000) in paragraph at lines 14--15

 []


Underfull \hbox (badness 10000) in paragraph at lines 16--17

 []


Underfull \hbox (badness 10000) in paragraph at lines 18--19

 []

[16

]) (Secs/T1.tex
Cap\'{\i }tulo 1.
) (Secs/T2.tex
Cap\'{\i }tulo 2.

Underfull \hbox (badness 10000) in paragraph at lines 11--12

 []


Underfull \hbox (badness 10000) in paragraph at lines 13--14

 []

[17]
Underfull \hbox (badness 10000) in paragraph at lines 15--16

 []


Underfull \hbox (badness 10000) in paragraph at lines 17--18

 []


Underfull \hbox (badness 10000) in paragraph at lines 19--20

 []

[18]
Underfull \hbox (badness 10000) in paragraph at lines 21--22

 []


Underfull \hbox (badness 10000) in paragraph at lines 26--27

 []


Underfull \hbox (badness 10000) in paragraph at lines 28--29

 []

<figs/AWS_Arquitecturas.jpeg, id=566, 5156.26375pt x 3411.74625pt>
File: figs/AWS_Arquitecturas.jpeg Graphic file (type jpg)
<use figs/AWS_Arquitecturas.jpeg>
Package pdftex.def Info: figs/AWS_Arquitecturas.jpeg  used on input line 33.
(pdftex.def)             Requested size: 352.31653pt x 233.06808pt.

LaTeX Warning: `h' float specifier changed to `ht'.

<figs/AZURE_architecture.png, id=569, 1178.15157pt x 657.95813pt>
File: figs/AZURE_architecture.png Graphic file (type png)
<use figs/AZURE_architecture.png>
Package pdftex.def Info: figs/AZURE_architecture.png  used on input line 39.
(pdftex.def)             Requested size: 352.31653pt x 196.75647pt.

LaTeX Warning: `h' float specifier changed to `ht'.

<figs/GCP_architecture.png, id=572, 1148.29pt x 684.5575pt>
File: figs/GCP_architecture.png Graphic file (type png)
<use figs/GCP_architecture.png>
Package pdftex.def Info: figs/GCP_architecture.png  used on input line 45.
(pdftex.def)             Requested size: 469.75539pt x 280.04366pt.

LaTeX Warning: `h' float specifier changed to `ht'.

) (Secs/T3.tex
Cap\'{\i }tulo 3.
[19] [20 <./figs/AWS_Arquitecturas.jpeg>] [21 <./figs/AZURE_architecture.png>]
<figs/responsibility-zones.png, id=595, 421.1986pt x 219.06844pt>
File: figs/responsibility-zones.png Graphic file (type png)
<use figs/responsibility-zones.png>
Package pdftex.def Info: figs/responsibility-zones.png  used on input line 31.
(pdftex.def)             Requested size: 469.75539pt x 244.32875pt.

[22 <./figs/GCP_architecture.png>] [23 <./figs/responsibility-zones.png>]
<figs/active_active_high_availability_cluster_load_balancer.png, id=615, 631.35
875pt x 279.0425pt>
File: figs/active_active_high_availability_cluster_load_balancer.png Graphic fi
le (type png)
<use figs/active_active_high_availability_cluster_load_balancer.png>
Package pdftex.def Info: figs/active_active_high_availability_cluster_load_bala
ncer.png  used on input line 62.
(pdftex.def)             Requested size: 469.75539pt x 207.62079pt.

[24]
<figs/active_passive_high_availability_cluster.png, id=628, 593.21625pt x 262.9
825pt>
File: figs/active_passive_high_availability_cluster.png Graphic file (type png)

<use figs/active_passive_high_availability_cluster.png>
Package pdftex.def Info: figs/active_passive_high_availability_cluster.png  use
d on input line 76.
(pdftex.def)             Requested size: 469.75539pt x 208.25949pt.
 [25 <./figs/active_active_high_availability_cluster_load_balancer.png>]
[26 <./figs/active_passive_high_availability_cluster.png>]
<figs/escalabilidad.png, id=642, 900.36375pt x 713.66624pt>
File: figs/escalabilidad.png Graphic file (type png)
<use figs/escalabilidad.png>
Package pdftex.def Info: figs/escalabilidad.png  used on input line 94.
(pdftex.def)             Requested size: 375.80574pt x 297.87564pt.
 [27 <./figs/escalabilidad.png>] [28]
<figs/virtualizacion.png, id=654, 1001.7425pt x 454.69875pt>
File: figs/virtualizacion.png Graphic file (type png)
<use figs/virtualizacion.png>
Package pdftex.def Info: figs/virtualizacion.png  used on input line 111.
(pdftex.def)             Requested size: 469.75539pt x 213.2297pt.
 [29 <./figs/virtualizacion.png>] [30]
<figs/contenedores.png, id=664, 945.5325pt x 552.0625pt>
File: figs/contenedores.png Graphic file (type png)
<use figs/contenedores.png>
Package pdftex.def Info: figs/contenedores.png  used on input line 141.
(pdftex.def)             Requested size: 469.75539pt x 274.27841pt.
<figs/solicitudes.png, id=668, 764.8575pt x 533.995pt>
File: figs/solicitudes.png Graphic file (type png)
<use figs/solicitudes.png>
Package pdftex.def Info: figs/solicitudes.png  used on input line 150.
(pdftex.def)             Requested size: 469.75539pt x 327.96906pt.
 [31 <./figs/contenedores.png>] [32 <./figs/solicitudes.png>]
<figs/monolithic-vs-microservices.png, id=683, 1816.7875pt x 842.14626pt>
File: figs/monolithic-vs-microservices.png Graphic file (type png)
<use figs/monolithic-vs-microservices.png>
Package pdftex.def Info: figs/monolithic-vs-microservices.png  used on input li
ne 175.
(pdftex.def)             Requested size: 469.75539pt x 217.74495pt.
) (Secs/T4.tex [33]
Cap\'{\i }tulo 4.
[34 <./figs/monolithic-vs-microservices.png>]
<figs/arquitectura_kubernetes.png, id=702, 602.25pt x 451.6875pt>
File: figs/arquitectura_kubernetes.png Graphic file (type png)
<use figs/arquitectura_kubernetes.png>
Package pdftex.def Info: figs/arquitectura_kubernetes.png  used on input line 3
7.
(pdftex.def)             Requested size: 469.75539pt x 352.32861pt.
 [35] [36 <./figs/arquitectura_kubernetes.png>]
<figs/OpenShiftContainerPlatformStack.png, id=718, 887.315pt x 572.1375pt>
File: figs/OpenShiftContainerPlatformStack.png Graphic file (type png)
<use figs/OpenShiftContainerPlatformStack.png>
Package pdftex.def Info: figs/OpenShiftContainerPlatformStack.png  used on inpu
t line 70.
(pdftex.def)             Requested size: 469.75539pt x 302.89095pt.
 [37] [38 <./figs/OpenShiftContainerPlatformStack.png>]
<figs/glusterfs.png, id=736, 662.475pt x 331.2375pt>
File: figs/glusterfs.png Graphic file (type png)
<use figs/glusterfs.png>
Package pdftex.def Info: figs/glusterfs.png  used on input line 91.
(pdftex.def)             Requested size: 352.31653pt x 176.15648pt.
)
(Secs/T5.tex
Cap\'{\i }tulo 5.
[39 <./figs/glusterfs.png>] [40]
Overfull \hbox (17.03592pt too wide) in paragraph at lines 61--77
 [] 
 []

LaTeX Font Info:    Try loading font information for T1+cmtt on input line 78.
("D:\App\MiKTeX 2.9\tex/latex/base\t1cmtt.fd"
File: t1cmtt.fd 2014/09/29 v2.5h Standard LaTeX font definitions
) [41]
Underfull \hbox (badness 1418) in paragraph at lines 90--90
[]\T1/ptm/m/n/12 Container Run-ti-
 []


Overfull \hbox (17.03592pt too wide) in paragraph at lines 88--104
 [] 
 []

[42]
Overfull \hbox (17.03592pt too wide) in paragraph at lines 116--133
 [] 
 []

[43] [44] [45]
Underfull \hbox (badness 1087) in paragraph at lines 186--186
[]\T1/ptm/m/n/12 Verifica las cre-den-cia-les de
 []

[46] [47]

LaTeX Warning: Reference `appendix:Dataset generado para pruebas' on page 48 un
defined on input line 210.

[48] [49] [50]
<figs/Infraestructura.png, id=838, 161.60374pt x 161.60374pt>
File: figs/Infraestructura.png Graphic file (type png)
<use figs/Infraestructura.png>
Package pdftex.def Info: figs/Infraestructura.png  used on input line 240.
(pdftex.def)             Requested size: 140.92804pt x 140.9344pt.
 [51 <./figs/Infraestructura.png>]
<figs/Thesis-Architecture.png, id=844, 1366.10374pt x 658.46pt>
File: figs/Thesis-Architecture.png Graphic file (type png)
<use figs/Thesis-Architecture.png>
Package pdftex.def Info: figs/Thesis-Architecture.png  used on input line 247.
(pdftex.def)             Requested size: 704.63307pt x 339.63817pt.

Overfull \hbox (107.1252pt too wide) in paragraph at lines 247--248
 [][] 
 []

[52

 <./figs/Thesis-Architecture.png>]
<figs/arquitectura_infraestructura.png, id=854, 662.475pt x 431.6125pt>
File: figs/arquitectura_infraestructura.png Graphic file (type png)
<use figs/arquitectura_infraestructura.png>
Package pdftex.def Info: figs/arquitectura_infraestructura.png  used on input l
ine 279.
(pdftex.def)             Requested size: 469.75539pt x 306.05185pt.
 [53

]
LaTeX Font Info:    Font shape `T1/ptm/bx/it' in size <12> not available
(Font)              Font shape `T1/ptm/b/it' tried instead on input line 284.
 [54 <./figs/arquitectura_infraestructura.png>] [55]
Overfull \hbox (5.31148pt too wide) in paragraph at lines 357--358
[]\T1/ptm/m/n/12 Finalmente se crea ca-da uno de los vo-lú-me-nes con bricks ta
n-to en el ser-vi-dor dns.local.cluster
 []

[56]

LaTeX Warning: Reference `appendix:Archivo Inventory' on page 57 undefined on i
nput line 366.

<figs/openshift_console.PNG, id=881, 1028.34187pt x 545.78906pt>
File: figs/openshift_console.PNG Graphic file (type png)
<use figs/openshift_console.PNG>
Package pdftex.def Info: figs/openshift_console.PNG  used on input line 381.
(pdftex.def)             Requested size: 469.75539pt x 249.32544pt.
[57]
Underfull \hbox (badness 10000) in paragraph at lines 387--388

 []

("D:\App\MiKTeX 2.9\tex/latex/listings\lstlang1.sty"
File: lstlang1.sty 2019/02/27 1.8b listings language file
)
("D:\App\MiKTeX 2.9\tex/latex/listings\lstlang1.sty"
File: lstlang1.sty 2019/02/27 1.8b listings language file
)

LaTeX Warning: Reference `appendix:Archivos de despliegue: Endpoints glusterfs'
 on page 58 undefined on input line 398.


Underfull \hbox (badness 10000) in paragraph at lines 398--399

 []

[58 <./figs/openshift_console.PNG>]

LaTeX Warning: Reference `appendix:Archivos de despliegue' on page 59 undefined
 on input line 411.


LaTeX Warning: Reference `appendix:Manual de instalaci\'on' on page 59 undefine
d on input line 413.

[59]
<figs/Proceso-de-despliegue-de-un-artefacto-2.png, id=912, 2209.25375pt x 763.8
5374pt>
File: figs/Proceso-de-despliegue-de-un-artefacto-2.png Graphic file (type png)
<use figs/Proceso-de-despliegue-de-un-artefacto-2.png>
Package pdftex.def Info: figs/Proceso-de-despliegue-de-un-artefacto-2.png  used
 on input line 418.
(pdftex.def)             Requested size: 610.68343pt x 211.1502pt.

Overfull \hbox (13.17555pt too wide) in paragraph at lines 418--419
 [][] 
 []

[60

 <./figs/Proceso-de-despliegue-de-un-artefacto-2.png>]

LaTeX Warning: Reference `appendix:Archivos de configuraci\'on de despliegue co
ntinuo' on page 61 undefined on input line 425.

<figs/gitlab-error.png, id=918, 392.21532pt x 411.03563pt>
File: figs/gitlab-error.png Graphic file (type png)
<use figs/gitlab-error.png>
Package pdftex.def Info: figs/gitlab-error.png  used on input line 439.
(pdftex.def)             Requested size: 164.41725pt x 172.30765pt.
[61

]
<figs/Jmeter-test.png, id=927, 185.94469pt x 251.43938pt>
File: figs/Jmeter-test.png Graphic file (type png)
<use figs/Jmeter-test.png>
Package pdftex.def Info: figs/Jmeter-test.png  used on input line 449.
(pdftex.def)             Requested size: 164.41725pt x 222.33391pt.
 [62 <./figs/gitlab-error.png> <./figs/Jmeter-test.png>] [63] [64] [65])
(Secs/T6.tex
Cap\'{\i }tulo 6.

Underfull \hbox (badness 10000) in paragraph at lines 11--12

 []

) (Secs/T7.tex
Cap\'{\i }tulo 7.

LaTeX Warning: Reference `estabanalpi' on page 66 undefined on input line 15.


LaTeX Warning: Reference `metrdef' on page 66 undefined on input line 15.


LaTeX Warning: Reference `conjestabsect' on page 66 undefined on input line 15.



LaTeX Warning: Reference `estabanalpi' on page 66 undefined on input line 15.

[66]

LaTeX Warning: Reference `conjestabsect' on page 67 undefined on input line 16.



LaTeX Warning: Reference `conjestabpi' on page 67 undefined on input line 16.

[67]

LaTeX Warning: Reference `interfazsect' on page 68 undefined on input line 17.

) (Secs/T8.tex) [68] (Plantilla_UIS.bbl
Underfull \hbox (badness 10000) in paragraph at lines 4--9
[]\T1/ptm/m/n/12 (2016a).  How we ar-chi-tec-ted and run ku-ber-ne-tes on opens
-tack at sca-le at
 []


Underfull \hbox (badness 10000) in paragraph at lines 4--9
\T1/ptm/m/n/12 yahoo! ja-pan.  Re-cu-pe-ra-do de []$\T1/cmtt/m/n/12 https : / /
 kubernetes . io / blog / 2016 / 10 /
 []


Underfull \hbox (badness 10000) in paragraph at lines 25--30
[]\T1/ptm/m/n/12 (2017).  Ku-ber-ne-tes and opens-hift: Com-mu-nity, stan-dards
 and cer-ti-fi-ca-
 []


Underfull \hbox (badness 10000) in paragraph at lines 25--30
\T1/ptm/m/n/12 tions.  \T1/ptm/m/it/12 Fer-nan-des, J\T1/ptm/m/n/12 .  Re-cu-pe
-ra-do de []$\T1/cmtt/m/n/12 https : / / blog . openshift . com /
 []


Underfull \hbox (badness 1331) in paragraph at lines 53--59
\T1/ptm/m/n/12 te-li-gen-tes.  \T1/ptm/m/it/12 UR-BAN HUB\T1/ptm/m/n/12 .  Re-c
u-pe-ra-do de []$\T1/cmtt/m/n/12 http : / / www . urban-[]hub . com / es / citi
es /
 []

[69]
Underfull \hbox (badness 2401) in paragraph at lines 99--104
[]\T1/ptm/m/n/12 ALTIMORE, P. (2018).  Azu-re block-chain work-bench ar-chi-tec
-tu-re.  \T1/ptm/m/it/12 Mi-cro-soft Azu-re\T1/ptm/m/n/12 .
 []


Underfull \hbox (badness 4132) in paragraph at lines 99--104
\T1/ptm/m/n/12 Re-cu-pe-ra-do de []$\T1/cmtt/m/n/12 https : / / docs . microsof
t . com / en-[]us / azure / blockchain / workbench /
 []

[70]
Underfull \hbox (badness 1112) in paragraph at lines 132--137
[]\T1/ptm/m/n/12 Gantenbein, H. y Nei-ra, B. (2017).  Se-cu-ring paas de-ploy-m
ents.  \T1/ptm/m/it/12 Mi-cro-soft Azu-re Do-
 []

[71]
Underfull \hbox (badness 10000) in paragraph at lines 182--186
[]\T1/ptm/m/n/12 Machado, E. (2016).  Ins-ta-la-ción y con-fi-gu-ra-ción de kvm
 en cen-tos 7.
 []


Underfull \hbox (badness 10000) in paragraph at lines 182--186
\T1/ptm/m/n/12 Re-cu-pe-ra-do de []$\T1/cmtt/m/n/12 https : / / eliasmachado20 
. wordpress . com / 2016 / 04 / 04 /
 []


Underfull \hbox (badness 1210) in paragraph at lines 195--201
\T1/ptm/m/n/12 of the na-tio-nal ins-ti-tu-te of stan-dards and tech-no-logy.  
\T1/ptm/m/it/12 Na-tio-nal Ins-ti-tu-te of Stan-dards
 []


Underfull \hbox (badness 1721) in paragraph at lines 195--201
\T1/ptm/m/it/12 and Tech-no-logy\T1/ptm/m/n/12 .  Re-cu-pe-ra-do de []$\T1/cmtt
/m/n/12 https : / / nvlpubs . nist . gov / nistpubs / Legacy / SP /
 []

[72]
Underfull \hbox (badness 10000) in paragraph at lines 225--230
[]\T1/ptm/m/n/12 Villanueva, J. (2015).  Active-active vs active-passive high a
vai-la-bi-
 []


Underfull \hbox (badness 10000) in paragraph at lines 225--230
\T1/ptm/m/n/12 lity clus-ter.  \T1/ptm/m/it/12 Js-ca-pe\T1/ptm/m/n/12 .  Re-cu-
pe-ra-do de []$\T1/cmtt/m/n/12 http : / / www . jscape . com / blog /
 []

) (Secs/anexoA.tex [73]
Underfull \hbox (badness 10000) in paragraph at lines 7--9

 []


Underfull \hbox (badness 10000) in paragraph at lines 10--14

 []

[74]
Package epstopdf Info: Source file: <Figs/prodvect.eps>
(epstopdf)                    date: 2016-09-27 19:56:20
(epstopdf)                    size: 13093 bytes
(epstopdf)             Output file: <Figs/prodvect-eps-converted-to.pdf>
(epstopdf)                    date: 2019-05-12 11:19:44
(epstopdf)                    size: 6728 bytes
(epstopdf)             Command: <epstopdf --outfile=Figs/prodvect-eps-converted
-to.pdf Figs/prodvect.eps>
(epstopdf)             \includegraphics on input line 66.
Package epstopdf Info: Output file is already uptodate.


pdfTeX warning: pdflatex.exe (file ./Figs/prodvect-eps-converted-to.pdf): PDF i
nclusion: found PDF version <1.7>, but at most version <1.5> allowed
<Figs/prodvect-eps-converted-to.pdf, id=1055, 354.32375pt x 270.00874pt>
File: Figs/prodvect-eps-converted-to.pdf Graphic file (type pdf)
<use Figs/prodvect-eps-converted-to.pdf>
Package pdftex.def Info: Figs/prodvect-eps-converted-to.pdf  used on input line
 66.
(pdftex.def)             Requested size: 140.92804pt x 107.39182pt.
Package epstopdf Info: Source file: <Figs/rigid.eps>
(epstopdf)                    date: 2016-09-27 20:55:32
(epstopdf)                    size: 27592 bytes
(epstopdf)             Output file: <Figs/rigid-eps-converted-to.pdf>
(epstopdf)                    date: 2019-05-12 11:19:44
(epstopdf)                    size: 22072 bytes
(epstopdf)             Command: <epstopdf --outfile=Figs/rigid-eps-converted-to
.pdf Figs/rigid.eps>
(epstopdf)             \includegraphics on input line 83.
Package epstopdf Info: Output file is already uptodate.


pdfTeX warning: pdflatex.exe (file ./Figs/rigid-eps-converted-to.pdf): PDF incl
usion: found PDF version <1.7>, but at most version <1.5> allowed
<Figs/rigid-eps-converted-to.pdf, id=1057, 217.81375pt x 157.58875pt>
File: Figs/rigid-eps-converted-to.pdf Graphic file (type pdf)
<use Figs/rigid-eps-converted-to.pdf>
Package pdftex.def Info: Figs/rigid-eps-converted-to.pdf  used on input line 83
.
(pdftex.def)             Requested size: 140.92804pt x 101.96016pt.

LaTeX Warning: `h' float specifier changed to `ht'.

[75 <./Figs/prodvect-eps-converted-to.pdf>]
Package epstopdf Info: Source file: <Figs/rotacion.eps>
(epstopdf)                    date: 2016-09-27 21:40:30
(epstopdf)                    size: 27928 bytes
(epstopdf)             Output file: <Figs/rotacion-eps-converted-to.pdf>
(epstopdf)                    date: 2019-05-12 11:19:45
(epstopdf)                    size: 22352 bytes
(epstopdf)             Command: <epstopdf --outfile=Figs/rotacion-eps-converted
-to.pdf Figs/rotacion.eps>
(epstopdf)             \includegraphics on input line 109.
Package epstopdf Info: Output file is already uptodate.


pdfTeX warning: pdflatex.exe (file ./Figs/rotacion-eps-converted-to.pdf): PDF i
nclusion: found PDF version <1.7>, but at most version <1.5> allowed
<Figs/rotacion-eps-converted-to.pdf, id=1070, 207.77625pt x 213.79875pt>
File: Figs/rotacion-eps-converted-to.pdf Graphic file (type pdf)
<use Figs/rotacion-eps-converted-to.pdf>
Package pdftex.def Info: Figs/rotacion-eps-converted-to.pdf  used on input line
 109.
(pdftex.def)             Requested size: 140.92804pt x 145.0191pt.

LaTeX Warning: `h' float specifier changed to `ht'.

[76 <./Figs/rigid-eps-converted-to.pdf>]
Underfull \hbox (badness 10000) in paragraph at lines 125--128

 []

[77 <./Figs/rotacion-eps-converted-to.pdf>]
Underfull \hbox (badness 10000) in paragraph at lines 146--149

 []


Underfull \hbox (badness 10000) in paragraph at lines 154--157

 []

[78]
Underfull \hbox (badness 10000) in paragraph at lines 169--172

 []

[79]
Underfull \hbox (badness 10000) in paragraph at lines 186--189

 []

) (Secs/anexoB.tex [80] [81]
Underfull \hbox (badness 10000) in paragraph at lines 16--19

 []


Underfull \hbox (badness 10000) in paragraph at lines 20--21

 []


Underfull \hbox (badness 10000) in paragraph at lines 26--29

 []

[82]
Underfull \hbox (badness 10000) in paragraph at lines 60--64

 []

Package epstopdf Info: Source file: <Figs/flujodiag.eps>
(epstopdf)                    date: 2016-07-23 19:29:32
(epstopdf)                    size: 3729181 bytes
(epstopdf)             Output file: <Figs/flujodiag-eps-converted-to.pdf>
(epstopdf)                    date: 2019-05-12 11:19:49
(epstopdf)                    size: 24151 bytes
(epstopdf)             Command: <epstopdf --outfile=Figs/flujodiag-eps-converte
d-to.pdf Figs/flujodiag.eps>
(epstopdf)             \includegraphics on input line 67.
Package epstopdf Info: Output file is already uptodate.


pdfTeX warning: pdflatex.exe (file ./Figs/flujodiag-eps-converted-to.pdf): PDF 
inclusion: found PDF version <1.7>, but at most version <1.5> allowed
<Figs/flujodiag-eps-converted-to.pdf, id=1128, 909.3975pt x 1144.275pt>
File: Figs/flujodiag-eps-converted-to.pdf Graphic file (type pdf)
<use Figs/flujodiag-eps-converted-to.pdf>
Package pdftex.def Info: Figs/flujodiag-eps-converted-to.pdf  used on input lin
e 67.
(pdftex.def)             Requested size: 258.36688pt x 325.09161pt.
[83]
Underfull \hbox (badness 10000) in paragraph at lines 72--73

 []


Underfull \hbox (badness 10000) in paragraph at lines 74--75

 []

) (Secs/anexoC.tex [84 <./Figs/flujodiag-eps-converted-to.pdf>] [85]
Package epstopdf Info: Source file: <figs/primero.eps>
(epstopdf)                    date: 2016-10-03 23:57:44
(epstopdf)                    size: 13418 bytes
(epstopdf)             Output file: <figs/primero-eps-converted-to.pdf>
(epstopdf)                    date: 2019-05-12 11:19:50
(epstopdf)                    size: 6151 bytes
(epstopdf)             Command: <epstopdf --outfile=figs/primero-eps-converted-
to.pdf figs/primero.eps>
(epstopdf)             \includegraphics on input line 26.
Package epstopdf Info: Output file is already uptodate.


pdfTeX warning: pdflatex.exe (file ./figs/primero-eps-converted-to.pdf): PDF in
clusion: found PDF version <1.7>, but at most version <1.5> allowed
<figs/primero-eps-converted-to.pdf, id=1149, 1176.395pt x 217.81375pt>
File: figs/primero-eps-converted-to.pdf Graphic file (type pdf)
<use figs/primero-eps-converted-to.pdf>
Package pdftex.def Info: figs/primero-eps-converted-to.pdf  used on input line 
26.
(pdftex.def)             Requested size: 328.82733pt x 60.8844pt.
Package epstopdf Info: Source file: <figs/segunda.eps>
(epstopdf)                    date: 2016-10-04 00:08:54
(epstopdf)                    size: 13075 bytes
(epstopdf)             Output file: <figs/segunda-eps-converted-to.pdf>
(epstopdf)                    date: 2019-05-12 11:19:50
(epstopdf)                    size: 5926 bytes
(epstopdf)             Command: <epstopdf --outfile=figs/segunda-eps-converted-
to.pdf figs/segunda.eps>
(epstopdf)             \includegraphics on input line 37.
Package epstopdf Info: Output file is already uptodate.


pdfTeX warning: pdflatex.exe (file ./figs/segunda-eps-converted-to.pdf): PDF in
clusion: found PDF version <1.7>, but at most version <1.5> allowed
<figs/segunda-eps-converted-to.pdf, id=1151, 1238.6275pt x 217.81375pt>
File: figs/segunda-eps-converted-to.pdf Graphic file (type pdf)
<use figs/segunda-eps-converted-to.pdf>
Package pdftex.def Info: figs/segunda-eps-converted-to.pdf  used on input line 
37.
(pdftex.def)             Requested size: 328.82733pt x 57.8234pt.
[86 <./figs/primero-eps-converted-to.pdf>]
Package epstopdf Info: Source file: <figs/tercero.eps>
(epstopdf)                    date: 2016-10-04 00:08:34
(epstopdf)                    size: 12537 bytes
(epstopdf)             Output file: <figs/tercero-eps-converted-to.pdf>
(epstopdf)                    date: 2019-05-12 11:19:51
(epstopdf)                    size: 5785 bytes
(epstopdf)             Command: <epstopdf --outfile=figs/tercero-eps-converted-
to.pdf figs/tercero.eps>
(epstopdf)             \includegraphics on input line 46.
Package epstopdf Info: Output file is already uptodate.


pdfTeX warning: pdflatex.exe (file ./figs/tercero-eps-converted-to.pdf): PDF in
clusion: found PDF version <1.7>, but at most version <1.5> allowed
<figs/tercero-eps-converted-to.pdf, id=1163, 1200.485pt x 217.81375pt>
File: figs/tercero-eps-converted-to.pdf Graphic file (type pdf)
<use figs/tercero-eps-converted-to.pdf>
Package pdftex.def Info: figs/tercero-eps-converted-to.pdf  used on input line 
46.
(pdftex.def)             Requested size: 328.82733pt x 59.66132pt.
Package epstopdf Info: Source file: <figs/cuarta.eps>
(epstopdf)                    date: 2016-10-04 00:28:02
(epstopdf)                    size: 13868 bytes
(epstopdf)             Output file: <figs/cuarta-eps-converted-to.pdf>
(epstopdf)                    date: 2019-05-12 11:19:52
(epstopdf)                    size: 6067 bytes
(epstopdf)             Command: <epstopdf --outfile=figs/cuarta-eps-converted-t
o.pdf figs/cuarta.eps>
(epstopdf)             \includegraphics on input line 55.
Package epstopdf Info: Output file is already uptodate.


pdfTeX warning: pdflatex.exe (file ./figs/cuarta-eps-converted-to.pdf): PDF inc
lusion: found PDF version <1.7>, but at most version <1.5> allowed
<figs/cuarta-eps-converted-to.pdf, id=1165, 1479.5275pt x 310.15875pt>
File: figs/cuarta-eps-converted-to.pdf Graphic file (type pdf)
<use figs/cuarta-eps-converted-to.pdf>
Package pdftex.def Info: figs/cuarta-eps-converted-to.pdf  used on input line 5
5.
(pdftex.def)             Requested size: 328.82733pt x 68.93083pt.
Package epstopdf Info: Source file: <figs/quinto.eps>
(epstopdf)                    date: 2016-10-04 00:22:28
(epstopdf)                    size: 14166 bytes
(epstopdf)             Output file: <figs/quinto-eps-converted-to.pdf>
(epstopdf)                    date: 2019-05-12 11:19:53
(epstopdf)                    size: 6655 bytes
(epstopdf)             Command: <epstopdf --outfile=figs/quinto-eps-converted-t
o.pdf figs/quinto.eps>
(epstopdf)             \includegraphics on input line 66.
Package epstopdf Info: Output file is already uptodate.


pdfTeX warning: pdflatex.exe (file ./figs/quinto-eps-converted-to.pdf): PDF inc
lusion: found PDF version <1.7>, but at most version <1.5> allowed
<figs/quinto-eps-converted-to.pdf, id=1167, 1653.17625pt x 398.48875pt>
File: figs/quinto-eps-converted-to.pdf Graphic file (type pdf)
<use figs/quinto-eps-converted-to.pdf>
Package pdftex.def Info: figs/quinto-eps-converted-to.pdf  used on input line 6
6.
(pdftex.def)             Requested size: 328.82733pt x 79.25854pt.
[87 <./figs/segunda-eps-converted-to.pdf> <./figs/tercero-eps-converted-to.pdf>
]
Package epstopdf Info: Source file: <figs/sexto.eps>
(epstopdf)                    date: 2016-10-04 00:26:04
(epstopdf)                    size: 14757 bytes
(epstopdf)             Output file: <figs/sexto-eps-converted-to.pdf>
(epstopdf)                    date: 2019-05-12 11:19:54
(epstopdf)                    size: 6786 bytes
(epstopdf)             Command: <epstopdf --outfile=figs/sexto-eps-converted-to
.pdf figs/sexto.eps>
(epstopdf)             \includegraphics on input line 75.
Package epstopdf Info: Output file is already uptodate.


pdfTeX warning: pdflatex.exe (file ./figs/sexto-eps-converted-to.pdf): PDF incl
usion: found PDF version <1.7>, but at most version <1.5> allowed
<figs/sexto-eps-converted-to.pdf, id=1187, 1628.0825pt x 635.37375pt>
File: figs/sexto-eps-converted-to.pdf Graphic file (type pdf)
<use figs/sexto-eps-converted-to.pdf>
Package pdftex.def Info: figs/sexto-eps-converted-to.pdf  used on input line 75
.
(pdftex.def)             Requested size: 422.77698pt x 164.98967pt.

Underfull \hbox (badness 10000) in paragraph at lines 82--83

 []


Underfull \hbox (badness 10000) in paragraph at lines 84--85

 []

[88 <./figs/cuarta-eps-converted-to.pdf> <./figs/quinto-eps-converted-to.pdf>]
Underfull \hbox (badness 10000) in paragraph at lines 86--87

 []

Package epstopdf Info: Source file: <figs/interfaz.eps>
(epstopdf)                    date: 2018-03-04 19:53:00
(epstopdf)                    size: 5119655 bytes
(epstopdf)             Output file: <figs/interfaz-eps-converted-to.pdf>
(epstopdf)                    date: 2019-05-12 11:19:19
(epstopdf)                    size: 80294 bytes
(epstopdf)             Command: <epstopdf --outfile=figs/interfaz-eps-converted
-to.pdf figs/interfaz.eps>
(epstopdf)             \includegraphics on input line 95.
Package epstopdf Info: Output file is already uptodate.


pdfTeX warning: pdflatex.exe (file ./figs/interfaz-eps-converted-to.pdf): PDF i
nclusion: found PDF version <1.7>, but at most version <1.5> allowed
<figs/interfaz-eps-converted-to.pdf, id=1207, 935.495pt x 509.905pt>
File: figs/interfaz-eps-converted-to.pdf Graphic file (type pdf)
<use figs/interfaz-eps-converted-to.pdf>
Package pdftex.def Info: figs/interfaz-eps-converted-to.pdf  used on input line
 95.
(pdftex.def)             Requested size: 328.82733pt x 179.2319pt.
[89 <./figs/sexto-eps-converted-to.pdf>] [90 <./figs/interfaz-eps-converted-to.
pdf>])
Package atveryend Info: Empty hook `BeforeClearDocument' on input line 102.
 [91]
Package atveryend Info: Empty hook `AfterLastShipout' on input line 102.
 (Plantilla_UIS.aux (Secs/P0.aux)
LaTeX Info: Redefining \. on input line 25.
LaTeX Info: Redefining \% on input line 25.
 (Secs/dedicatoria.aux)
(Secs/agradecimientos.aux) (Secs/glosario.aux) (Secs/res.aux) (Secs/abs.aux))
Package atveryend Info: Executing hook `AtVeryEndDocument' on input line 102.
Package atveryend Info: Executing hook `AtEndAfterFileList' on input line 102.
Package rerunfilecheck Info: File `Plantilla_UIS.out' has not changed.
(rerunfilecheck)             Checksum: EF0D44F2E927B7D4EE8E6C496318B89B;3339.


LaTeX Warning: There were undefined references.

Package atveryend Info: Empty hook `AtVeryVeryEnd' on input line 102.
 )
(\end occurred inside a group at level 1)

### semi simple group (level 1) entered at line 89 (\begingroup)
### bottom level 
Here is how much of TeX's memory you used:
 14035 strings out of 492945
 203089 string characters out of 3139908
 538409 words of memory out of 3000000
 17279 multiletter control sequences out of 15000+200000
 62456 words of font info for 103 fonts, out of 3000000 for 9000
 1143 hyphenation exceptions out of 8191
 43i,21n,51p,1241b,6835s stack positions out of 5000i,500n,10000p,200000b,50000s
pdfTeX warning (dest): name{Hfootnote.15} has been referenced b
ut does not exist, replaced by a fixed one

pdfTeX warning (dest): name{Hfootnote.14} has been referenced but does not exis
t, replaced by a fixed one

pdfTeX warning (dest): name{Hfootnote.13} has been referenced but does not exis
t, replaced by a fixed one

pdfTeX warning (dest): name{Hfootnote.12} has been referenced but does not exis
t, replaced by a fixed one

pdfTeX warning (dest): name{Hfootnote.11} has been referenced but does not exis
t, replaced by a fixed one

pdfTeX warning (dest): name{Hfootnote.10} has been referenced but does not exis
t, replaced by a fixed one

pdfTeX warning (dest): name{Hfootnote.9} has been referenced but does not exist
, replaced by a fixed one

pdfTeX warning (dest): name{Hfootnote.8} has been referenced but does not exist
, replaced by a fixed one

pdfTeX warning (dest): name{Hfootnote.7} has been referenced but does not exist
, replaced by a fixed one

pdfTeX warning (dest): name{Hfootnote.6} has been referenced but does not exist
, replaced by a fixed one

pdfTeX warning (dest): name{Hfootnote.5} has been referenced but does not exist
, replaced by a fixed one

pdfTeX warning (dest): name{Hfootnote.4} has been referenced but does not exist
, replaced by a fixed one

pdfTeX warning (dest): name{Hfootnote.3} has been referenced but does not exist
, replaced by a fixed one

pdfTeX warning (dest): name{Hfootnote.2} has been referenced but does not exist
, replaced by a fixed one

pdfTeX warning (dest): name{Hfootnote.1} has been referenced but does not exist
, replaced by a fixed one

 <C:\Users\jose.rojas\AppData\Local\MiKTeX\2.9\fonts/pk/ljfour/jknappen/ec/dpi6
00\ecit1200.pk>{D:/App/MiKTeX 2.9/fonts/enc/dvips/base/8r.enc} <C:\Users\jose.r
ojas\AppData\Local\MiKTeX\2.9\fonts/pk/ljfour/jknappen/ec/dpi600\ectt1200.pk><D
:/App/MiKTeX 2.9/fonts/type1/public/amsfonts/cm/cmex10.pfb><D:/App/MiKTeX 2.9/f
onts/type1/public/amsfonts/cm/cmmi10.pfb><D:/App/MiKTeX 2.9/fonts/type1/public/
amsfonts/cm/cmr10.pfb><D:/App/MiKTeX 2.9/fonts/type1/public/amsfonts/cm/cmsy10.
pfb><D:/App/MiKTeX 2.9/fonts/type1/public/amsfonts/symbols/msbm10.pfb><D:/App/M
iKTeX 2.9/fonts/type1/urw/symbol/usyr.pfb><D:/App/MiKTeX 2.9/fonts/type1/urw/sy
mbol/usyr.pfb><D:/App/MiKTeX 2.9/fonts/type1/urw/times/utmb8a.pfb><D:/App/MiKTe
X 2.9/fonts/type1/urw/times/utmbi8a.pfb><D:/App/MiKTeX 2.9/fonts/type1/urw/time
s/utmr8a.pfb><D:/App/MiKTeX 2.9/fonts/type1/urw/times/utmri8a.pfb>
Output written on Plantilla_UIS.pdf (91 pages, 5194531 bytes).
PDF statistics:
 1413 PDF objects out of 1440 (max. 8388607)
 283 named destinations out of 1000 (max. 500000)
 547 words of extra memory for PDF output out of 10000 (max. 10000000)

